[backblue.gif]
[fade.gif]
[index.html]
[cdn.jsdelivr.net/npm/bootstrap@5.1.3/dist/css/bootstrap.min.css]
[cdn.jsdelivr.net/npm/bootstrap@5.1.3/dist/js/bootstrap.min.js]
[pro.fontawesome.com/releases/v5.10.0/css/all.css]
[ajax.googleapis.com/ajax/libs/jquery/3.6.0/jquery.min.js]
[unpkg.com/swiper/swiper-bundle.min.4.delayed]
[unpkg.com/swiper@9.4.1/swiper-bundle.min.css]
[unpkg.com/swiper/swiper-bundle.min.6.delayed]
[unpkg.com/swiper@9.4.1/swiper-bundle.min.js]
[spoqa.github.io/spoqa-han-sans/css/SpoqaHanSansNeo.css]
[www.mackerelbank.com/img/inc/bakLogo.png]
[www.mackerelbank.com/img/content/menuBak.png]
[www.mackerelbank.com/img/inc/h-logo.png]
[www.mackerelbank.com/img/content/mainBan.png]
[www.mackerelbank.com/img/icon/bone-icon.png]
[www.mackerelbank.com/img/icon/brain-icon.png]
[www.mackerelbank.com/img/icon/origin-icon.png]
[code.jquery.com/jquery-1.12.4.min.js]
[www.mackerelbank.com/img/icon/heart-icon.png]
[www.mackerelbank.com/img/content/content01.png]
[www.mackerelbank.com/img/content/content02.png]
[www.mackerelbank.com/img/content/content03.png]
[www.mackerelbank.com/index.html]
[cdn.jsdelivr.net/npm/bootstrap@5.1.3/dist/css/bootstrap.min.css]
[pro.fontawesome.com/releases/v5.10.0/css/all.css]
[unpkg.com/swiper@9.4.1/swiper-bundle.min.css]
[spoqa.github.io/spoqa-han-sans/css/SpoqaHanSansNeo.css]
[dapi.kakao.com/v2/maps/sdk2e59.json]
[www.mackerelbank.com/login/login.html]
[www.mackerelbank.com/login/signup.html]
[www.mackerelbank.com/img/content/doctor.png]
[www.mackerelbank.com/img/content/doctor-s.png]
[www.mackerelbank.com/company/intro.html]
[www.mackerelbank.com/content/content01.html]
[www.mackerelbank.com/content/content02.html]
[www.mackerelbank.com/img/content/banner01.png]
[www.mackerelbank.com/bbs/gallery.html]
[www.mackerelbank.com/bbs/list.html]
[www.mackerelbank.com/bbs/view.html]
